<?xml version="1.0" encoding="UTF-8"?>
<!-- Generated by org.testng.reporters.JUnitXMLReporter -->
<testsuite ignored="0" hostname="LTIN518915" failures="0" tests="8" name="Test" time="39.713" errors="0" timestamp="2024-05-08T09:28:00 IST">
  <testcase classname="testCases.TestCaseValidation" name="capture_user_info" time="10.171"/>
  <testcase classname="testCases.TestCaseValidation" name="oneCognizant" time="4.001"/>
  <testcase classname="testCases.TestCaseValidation" name="switchFrame" time="10.041"/>
  <testcase classname="testCases.TestCaseValidation" name="validateCurrentWeek" time="0.089"/>
  <testcase classname="testCases.TestCaseValidation" name="validateCurrentDate" time="0.024"/>
  <testcase classname="testCases.TestCaseValidation" name="validateCurrentMonth" time="0.025"/>
  <testcase classname="testCases.TestCaseValidation" name="backDatedTopup" time="0.024"/>
  <testcase classname="testCases.TestCaseValidation" name="legends" time="0.022"/>
</testsuite> <!-- Test -->
